<?xml version="1.0" encoding="UTF-8"?>
<testExecutions version="1">
  <file path="/home/bhavS/Blinkist App/blinkist/src/components/molecules/TimeToRead/TimeToRead.test.tsx">
    <testCase name="Molecules/TimeToRead render component" duration="69"/>
  </file>
  <file path="/home/bhavS/Blinkist App/blinkist/src/components/atoms/Typography/Typography.test.tsx">
    <testCase name="Renders typography" duration="93"/>
  </file>
  <file path="/home/bhavS/Blinkist App/blinkist/src/components/atoms/Icons/Icons.test.tsx">
    <testCase name="renders Icon" duration="104"/>
  </file>
  <file path="/home/bhavS/Blinkist App/blinkist/src/components/molecules/NoOfReads/NoOfReads.test.tsx">
    <testCase name="Molecules/NoOfReads render component" duration="76"/>
  </file>
  <file path="/home/bhavS/Blinkist App/blinkist/src/components/molecules/ExtendedNav/ExtendedNav.test.tsx">
    <testCase name="Molecules/ExtendedNav are 18 labels rendering" duration="392"/>
  </file>
  <file path="/home/bhavS/Blinkist App/blinkist/src/components/molecules/Banner/Banner.test.tsx">
    <testCase name="Molecules/Banner renders Banner component" duration="325"/>
  </file>
  <file path="/home/bhavS/Blinkist App/blinkist/src/components/organisms/Card/Card.test.tsx">
    <testCase name="Organisms/Card check image" duration="89"/>
    <testCase name="Organisms/Card check timeToRead" duration="36"/>
    <testCase name="Organisms/Card check addtolibrarybutton" duration="54"/>
  </file>
  <file path="/home/bhavS/Blinkist App/blinkist/src/components/atoms/Input/Input.test.tsx">
    <testCase name="Atoms renders input field" duration="217"/>
  </file>
  <file path="/home/bhavS/Blinkist App/blinkist/src/components/organisms/Tab/TabPanel.test.tsx">
    <testCase name="Tab panel tests Render two tabs and call changeHandler" duration="176"/>
  </file>
  <file path="/home/bhavS/Blinkist App/blinkist/src/components/organisms/Header/Header.test.tsx">
    <testCase name="Header tests Render header" duration="828"/>
  </file>
  <file path="/home/bhavS/Blinkist App/blinkist/src/App.test.tsx">
    <testCase name="renders main App" duration="423"/>
  </file>
  <file path="/home/bhavS/Blinkist App/blinkist/src/components/atoms/Images/Image.test.tsx">
    <testCase name="renders Image" duration="24"/>
  </file>
  <file path="/home/bhavS/Blinkist App/blinkist/src/components/atoms/ProgressBar/ProgressBar.test.tsx">
    <testCase name="renders progress bar" duration="45"/>
  </file>
  <file path="/home/bhavS/Blinkist App/blinkist/src/components/organisms/Footer/Footer.test.tsx">
    <testCase name="Organisms/Footer render component" duration="142"/>
  </file>
  <file path="/home/bhavS/Blinkist App/blinkist/src/components/atoms/Logo/Logo.test.tsx">
    <testCase name="Renders logo" duration="33"/>
  </file>
  <file path="/home/bhavS/Blinkist App/blinkist/src/components/molecules/SearchBar/SearchBar.test.tsx">
    <testCase name="Molecules/SearchBar render component" duration="106"/>
  </file>
  <file path="/home/bhavS/Blinkist App/blinkist/src/components/atoms/Avatar/Avatar.test.tsx">
    <testCase name="renders Avatar" duration="37"/>
  </file>
</testExecutions>