<?xml version="1.0" encoding="UTF-8"?>
<testExecutions version="1">
  <file path="/home/bhavS/Blinkist App/blinkist/src/components/atoms/Images/Image.test.tsx">
    <testCase name="renders Image" duration="48"/>
  </file>
  <file path="/home/bhavS/Blinkist App/blinkist/src/components/molecules/NoOfReads/NoOfReads.test.tsx">
    <testCase name="Molecules/NoOfReads render component" duration="85"/>
  </file>
  <file path="/home/bhavS/Blinkist App/blinkist/src/components/organisms/Footer/Footer.test.tsx">
    <testCase name="Organisms/Footer render component" duration="276"/>
  </file>
  <file path="/home/bhavS/Blinkist App/blinkist/src/components/molecules/SearchBar/SearchBar.test.tsx">
    <testCase name="Molecules/SearchBar render component" duration="246"/>
  </file>
  <file path="/home/bhavS/Blinkist App/blinkist/src/components/molecules/TimeToRead/TimeToRead.test.tsx">
    <testCase name="Molecules/TimeToRead render component" duration="124"/>
  </file>
  <file path="/home/bhavS/Blinkist App/blinkist/src/components/organisms/Card/Card.test.tsx">
    <testCase name="Organisms/Card check image" duration="54"/>
    <testCase name="Organisms/Card check timeToRead" duration="35"/>
    <testCase name="Organisms/Card check addtolibrarybutton" duration="43"/>
  </file>
  <file path="/home/bhavS/Blinkist App/blinkist/src/components/molecules/Banner/Banner.test.tsx">
    <testCase name="Molecules/Banner renders Banner component" duration="424"/>
  </file>
  <file path="/home/bhavS/Blinkist App/blinkist/src/components/molecules/ExtendedNav/ExtendedNav.test.tsx">
    <testCase name="Molecules/ExtendedNav are 18 labels rendering" duration="553"/>
  </file>
  <file path="/home/bhavS/Blinkist App/blinkist/src/components/organisms/Tab/TabPanel.test.tsx">
    <testCase name="Tab panel tests Render two tabs and call changeHandler" duration="205"/>
  </file>
  <file path="/home/bhavS/Blinkist App/blinkist/src/components/organisms/Header/Header.test.tsx">
    <testCase name="Header tests Render header" duration="1035"/>
  </file>
  <file path="/home/bhavS/Blinkist App/blinkist/src/App.test.tsx">
    <testCase name="renders main App" duration="525"/>
  </file>
  <file path="/home/bhavS/Blinkist App/blinkist/src/components/atoms/Input/Input.test.tsx">
    <testCase name="Atoms renders input field" duration="106"/>
  </file>
  <file path="/home/bhavS/Blinkist App/blinkist/src/components/atoms/Typography/Typography.test.tsx">
    <testCase name="Renders typography" duration="68"/>
  </file>
  <file path="/home/bhavS/Blinkist App/blinkist/src/components/atoms/Icons/Icons.test.tsx">
    <testCase name="renders Icon" duration="34"/>
  </file>
  <file path="/home/bhavS/Blinkist App/blinkist/src/components/atoms/ProgressBar/ProgressBar.test.tsx">
    <testCase name="renders progress bar" duration="39"/>
  </file>
  <file path="/home/bhavS/Blinkist App/blinkist/src/components/atoms/Logo/Logo.test.tsx">
    <testCase name="Renders logo" duration="27"/>
  </file>
  <file path="/home/bhavS/Blinkist App/blinkist/src/components/atoms/Avatar/Avatar.test.tsx">
    <testCase name="renders Avatar" duration="29"/>
  </file>
</testExecutions>