<?xml version="1.0" encoding="UTF-8"?>
<testExecutions version="1">
  <file path="/home/bhavS/Blinkist App/blinkist/src/components/atoms/Input/Input.test.tsx">
    <testCase name="Atoms renders input field" duration="138"/>
  </file>
  <file path="/home/bhavS/Blinkist App/blinkist/src/components/organisms/Header/Header.test.tsx">
    <testCase name="Header tests Render header" duration="184"/>
  </file>
  <file path="/home/bhavS/Blinkist App/blinkist/src/components/molecules/Banner/Banner.test.tsx">
    <testCase name="Molecules/Banner renders Banner component" duration="290"/>
  </file>
  <file path="/home/bhavS/Blinkist App/blinkist/src/components/molecules/ExtendedNav/ExtendedNav.test.tsx">
    <testCase name="Molecules/ExtendedNav are 18 labels rendering" duration="379"/>
  </file>
  <file path="/home/bhavS/Blinkist App/blinkist/src/components/organisms/Tab/TabPanel.test.tsx">
    <testCase name="Tab panel tests Render two tabs and call changeHandler" duration="196"/>
  </file>
  <file path="/home/bhavS/Blinkist App/blinkist/src/App.test.tsx">
    <testCase name="renders main App" duration="470"/>
  </file>
  <file path="/home/bhavS/Blinkist App/blinkist/src/components/atoms/Icons/Icons.test.tsx">
    <testCase name="renders Icon" duration="31"/>
  </file>
  <file path="/home/bhavS/Blinkist App/blinkist/src/components/atoms/Images/Image.test.tsx">
    <testCase name="renders Image" duration="37"/>
  </file>
  <file path="/home/bhavS/Blinkist App/blinkist/src/components/atoms/ProgressBar/ProgressBar.test.tsx">
    <testCase name="renders progress bar" duration="47"/>
  </file>
  <file path="/home/bhavS/Blinkist App/blinkist/src/components/atoms/Logo/Logo.test.tsx">
    <testCase name="Renders logo" duration="56"/>
  </file>
  <file path="/home/bhavS/Blinkist App/blinkist/src/components/atoms/Typography/Typography.test.tsx">
    <testCase name="Renders typography" duration="65"/>
  </file>
  <file path="/home/bhavS/Blinkist App/blinkist/src/components/atoms/Avatar/Avatar.test.tsx">
    <testCase name="renders Avatar" duration="26"/>
  </file>
</testExecutions>